Using pre-set license
Built from '2020.3/staging' branch; Version is '2020.3.16f1 (049d6eca3c44) revision 302446'; Using compiler version '192528614'; Build Type 'Release'
OS: 'Windows 10 Home; OS build 19043.1165; Version 2009; 64bit' Language: 'en' Physical Memory: 15731 MB
BatchMode: 1, IsHumanControllingUs: 0, StartBugReporterOnCrash: 0, Is64bit: 1, IsPro: 0

 COMMAND LINE ARGUMENTS:
Z:\Unity\2020.3.16f1\Editor\Unity.exe
-adb2
-batchMode
-noUpm
-name
AssetImportWorker0
-projectPath
C:/Users/XJeff/Documents/GitHub/Hero-Game
-logFile
Logs/AssetImportWorker0.log
-srvPort
1428
Successfully changed project path to: C:/Users/XJeff/Documents/GitHub/Hero-Game
C:/Users/XJeff/Documents/GitHub/Hero-Game
Using Asset Import Pipeline V2.
Refreshing native plugins compatible for Editor in 64.18 ms, found 3 plugins.
Preloading 0 native plugins for Editor in 0.00 ms.
Initialize engine version: 2020.3.16f1 (049d6eca3c44)
[Subsystems] Discovering subsystems at path Z:/Unity/2020.3.16f1/Editor/Data/Resources/UnitySubsystems
[Subsystems] Discovering subsystems at path C:/Users/XJeff/Documents/GitHub/Hero-Game/Assets
GfxDevice: creating device client; threaded=0
Direct3D:
    Version:  Direct3D 11.0 [level 11.1]
    Renderer: NVIDIA GeForce GTX 1660 Ti (ID=0x2191)
    Vendor:   
    VRAM:     5991 MB
    Driver:   27.21.14.6280
Shader 'Universal Render Pipeline/Particles/Lit': fallback shader 'Universal Render Pipeline/Particles/SimpleLit' not found
Initialize mono
Mono path[0] = 'Z:/Unity/2020.3.16f1/Editor/Data/Managed'
Mono path[1] = 'Z:/Unity/2020.3.16f1/Editor/Data/MonoBleedingEdge/lib/mono/unityjit'
Mono config path = 'Z:/Unity/2020.3.16f1/Editor/Data/MonoBleedingEdge/etc'
Using monoOptions --debugger-agent=transport=dt_socket,embedding=1,server=y,suspend=n,address=127.0.0.1:56392
Begin MonoManager ReloadAssembly
Registering precompiled unity dll's ...
Register platform support module: Z:/Unity/2020.3.16f1/Editor/Data/PlaybackEngines/WindowsStandaloneSupport/UnityEditor.WindowsStandalone.Extensions.dll
Registered in 0.000912 seconds.
Native extension for WindowsStandalone target not found
Refreshing native plugins compatible for Editor in 64.50 ms, found 3 plugins.
Preloading 0 native plugins for Editor in 0.00 ms.
Mono: successfully reloaded assembly
- Completed reload, in  0.814 seconds
Domain Reload Profiling:
	ReloadAssembly (814ms)
		BeginReloadAssembly (41ms)
			ExecutionOrderSort (0ms)
			DisableScriptedObjects (0ms)
			BackupInstance (0ms)
			ReleaseScriptingObjects (0ms)
			CreateAndSetChildDomain (1ms)
		EndReloadAssembly (409ms)
			LoadAssemblies (41ms)
			RebuildTransferFunctionScriptingTraits (0ms)
			SetupTypeCache (135ms)
			ReleaseScriptCaches (0ms)
			RebuildScriptCaches (29ms)
			SetupLoadedEditorAssemblies (183ms)
				LogAssemblyErrors (0ms)
				InitializePlatformSupportModulesInManaged (4ms)
				SetLoadedEditorAssemblies (0ms)
				RefreshPlugins (65ms)
				BeforeProcessingInitializeOnLoad (15ms)
				ProcessInitializeOnLoadAttributes (72ms)
				ProcessInitializeOnLoadMethodAttributes (27ms)
				AfterProcessingInitializeOnLoad (0ms)
				EditorAssembliesLoaded (0ms)
			ExecutionOrderSort2 (0ms)
			AwakeInstancesAfterBackupRestoration (0ms)
Platform modules already initialized, skipping
Registering precompiled user dll's ...
Registered in 0.004397 seconds.
Begin MonoManager ReloadAssembly
Native extension for WindowsStandalone target not found
Refreshing native plugins compatible for Editor in 64.01 ms, found 3 plugins.
Preloading 0 native plugins for Editor in 0.00 ms.
Mono: successfully reloaded assembly
- Completed reload, in  1.143 seconds
Domain Reload Profiling:
	ReloadAssembly (1144ms)
		BeginReloadAssembly (124ms)
			ExecutionOrderSort (0ms)
			DisableScriptedObjects (4ms)
			BackupInstance (0ms)
			ReleaseScriptingObjects (0ms)
			CreateAndSetChildDomain (18ms)
		EndReloadAssembly (967ms)
			LoadAssemblies (80ms)
			RebuildTransferFunctionScriptingTraits (0ms)
			SetupTypeCache (298ms)
			ReleaseScriptCaches (1ms)
			RebuildScriptCaches (52ms)
			SetupLoadedEditorAssemblies (419ms)
				LogAssemblyErrors (0ms)
				InitializePlatformSupportModulesInManaged (3ms)
				SetLoadedEditorAssemblies (0ms)
				RefreshPlugins (64ms)
				BeforeProcessingInitializeOnLoad (90ms)
				ProcessInitializeOnLoadAttributes (245ms)
				ProcessInitializeOnLoadMethodAttributes (15ms)
				AfterProcessingInitializeOnLoad (2ms)
				EditorAssembliesLoaded (0ms)
			ExecutionOrderSort2 (0ms)
			AwakeInstancesAfterBackupRestoration (5ms)
Platform modules already initialized, skipping
========================================================================
Worker process is ready to serve import requests
Shader 'Universal Render Pipeline/Particles/Lit': fallback shader 'Universal Render Pipeline/Particles/SimpleLit' not found
Launched and connected shader compiler UnityShaderCompiler.exe after 0.05 seconds
Refreshing native plugins compatible for Editor in 0.76 ms, found 3 plugins.
Preloading 0 native plugins for Editor in 0.00 ms.
Unloading 3286 Unused Serialized files (Serialized files now loaded: 0)
System memory in use before: 144.0 MB.
System memory in use after: 144.2 MB.

Unloading 29 unused Assets to reduce memory usage. Loaded Objects now: 3723.
Total: 4.056700 ms (FindLiveObjects: 0.306500 ms CreateObjectMapping: 0.086300 ms MarkObjects: 3.585300 ms  DeleteObjects: 0.077300 ms)

AssetImportParameters requested are different than current active one (requested -> active):
  custom:framework-win-MediaFoundation: 216162199b28c13a410421893ffa2e32 -> 
  custom:video-decoder-ogg-theora: a1e56fd34408186e4bbccfd4996cb3dc -> 
  custom:container-muxer-webm: aa71ff27fc2769a1b78a27578f13a17b -> 
  custom:container-demuxer-webm: 4f35f7cbe854078d1ac9338744f61a02 -> 
  custom:container-demuxer-ogg: 62fdf1f143b41e24485cea50d1cbac27 -> 
  custom:video-encoder-webm-vp8: eb34c28f22e8b96e1ab97ce403110664 -> 
  custom:video-codec-MediaFoundation-h265: 746d11721c4dcdbdad8f713fa42b33f4 -> 
  custom:video-decoder-webm-vp8: 9c59270c3fd7afecdb556c50c9e8de78 -> 
  custom:audio-decoder-ogg-vorbis: bf7c407c2cedff20999df2af8eb42d56 -> 
  custom:audio-encoder-webm-vorbis: bf7c407c2cedff20999df2af8eb42d56 -> 
========================================================================
Received Import Request.
  path: Assets/2d Render.asset
  artifactKey: Guid(61d478d7281ae3f438a2cc78c8c64cd2) Importer(815301076,1909f56bfc062723c751e8b465ee728b)
Start importing Assets/2d Render.asset using Guid(61d478d7281ae3f438a2cc78c8c64cd2) Importer(815301076,1909f56bfc062723c751e8b465ee728b)  -> (artifact id: '03740da5320de369650520a34162098f') in 0.032287 seconds 
  Import took 0.037107 seconds .

========================================================================
Received Import Request.
  Time since last request: 0.000253 seconds.
  path: Assets/URPAsset.asset
  artifactKey: Guid(5d75960082b209f49ac8c921d6dd291b) Importer(815301076,1909f56bfc062723c751e8b465ee728b)
Start importing Assets/URPAsset.asset using Guid(5d75960082b209f49ac8c921d6dd291b) Importer(815301076,1909f56bfc062723c751e8b465ee728b)  -> (artifact id: '8859fa0c008da7b8c4ff8357a8b7d360') in 0.009760 seconds 
  Import took 0.014685 seconds .

========================================================================
Received Import Request.
  Time since last request: 18.787747 seconds.
  path: Assets/Audio/Environment
  artifactKey: Guid(5e0564b3f7082294dbd6f1b5df91bf7d) Importer(815301076,1909f56bfc062723c751e8b465ee728b)
Start importing Assets/Audio/Environment using Guid(5e0564b3f7082294dbd6f1b5df91bf7d) Importer(815301076,1909f56bfc062723c751e8b465ee728b)  -> (artifact id: 'dea9a305e476b128890861a88eb8336e') in 0.007209 seconds 
  Import took 0.012632 seconds .

========================================================================
Received Import Request.
  Time since last request: 0.004153 seconds.
  path: Assets/Audio/Environment
  artifactKey: Guid(5e0564b3f7082294dbd6f1b5df91bf7d) Importer(815301076,1909f56bfc062723c751e8b465ee728b)
Start importing Assets/Audio/Environment using Guid(5e0564b3f7082294dbd6f1b5df91bf7d) Importer(815301076,1909f56bfc062723c751e8b465ee728b)  -> (artifact id: 'dea9a305e476b128890861a88eb8336e') in 0.002423 seconds 
  Import took 0.007116 seconds .

========================================================================
Received Import Request.
  Time since last request: 6.175799 seconds.
  path: Assets/Scenes/Green forest.prefab
  artifactKey: Guid(b3b2c00399d946541b2eb26e97581b8e) Importer(815301076,1909f56bfc062723c751e8b465ee728b)
Start importing Assets/Scenes/Green forest.prefab using Guid(b3b2c00399d946541b2eb26e97581b8e) Importer(815301076,1909f56bfc062723c751e8b465ee728b)  -> (artifact id: '0432e6c50e0ff9739bff7f00ad34d8d8') in 0.307638 seconds 
  Import took 0.317217 seconds .

========================================================================
Received Import Request.
  Time since last request: 0.247906 seconds.
  path: Assets/Scenes/level 1.unity
  artifactKey: Guid(3f2a001546008f9448d6adc589611638) Importer(815301076,1909f56bfc062723c751e8b465ee728b)
Start importing Assets/Scenes/level 1.unity using Guid(3f2a001546008f9448d6adc589611638) Importer(815301076,1909f56bfc062723c751e8b465ee728b)  -> (artifact id: '8c2d49212a2ace6a77edd14d3fb5f02a') in 0.006657 seconds 
  Import took 0.011460 seconds .

========================================================================
Received Import Request.
  Time since last request: 1.009228 seconds.
  path: Assets/Scenes/SampleScene.unity
  artifactKey: Guid(2cda990e2423bbf4892e6590ba056729) Importer(815301076,1909f56bfc062723c751e8b465ee728b)
Start importing Assets/Scenes/SampleScene.unity using Guid(2cda990e2423bbf4892e6590ba056729) Importer(815301076,1909f56bfc062723c751e8b465ee728b)  -> (artifact id: 'e495bb10914496d6166a7893e62723ba') in 0.006391 seconds 
  Import took 0.011963 seconds .

AssetImportWorkerClient::OnTransportError - code=2 error=End of file
