Using pre-set license
Built from '2020.3/staging' branch; Version is '2020.3.16f1 (049d6eca3c44) revision 302446'; Using compiler version '192528614'; Build Type 'Release'
OS: 'Windows 10 Home; OS build 19043.1348; Version 2009; 64bit' Language: 'en' Physical Memory: 15731 MB
BatchMode: 1, IsHumanControllingUs: 0, StartBugReporterOnCrash: 0, Is64bit: 1, IsPro: 0

 COMMAND LINE ARGUMENTS:
Z:\Unity\2020.3.16f1\Editor\Unity.exe
-adb2
-batchMode
-noUpm
-name
AssetImportWorker4
-projectPath
C:/Users/XJeff/Documents/GitHub/Hero-Game
-logFile
Logs/AssetImportWorker4.log
-srvPort
5745
Successfully changed project path to: C:/Users/XJeff/Documents/GitHub/Hero-Game
C:/Users/XJeff/Documents/GitHub/Hero-Game
Using Asset Import Pipeline V2.
Refreshing native plugins compatible for Editor in 181.94 ms, found 3 plugins.
Preloading 0 native plugins for Editor in 0.00 ms.
Initialize engine version: 2020.3.16f1 (049d6eca3c44)
[Subsystems] Discovering subsystems at path Z:/Unity/2020.3.16f1/Editor/Data/Resources/UnitySubsystems
[Subsystems] Discovering subsystems at path C:/Users/XJeff/Documents/GitHub/Hero-Game/Assets
GfxDevice: creating device client; threaded=0
Direct3D:
    Version:  Direct3D 11.0 [level 11.1]
    Renderer: NVIDIA GeForce GTX 1660 Ti (ID=0x2191)
    Vendor:   
    VRAM:     5991 MB
    Driver:   30.0.14.7212
Shader 'Universal Render Pipeline/Particles/Lit': fallback shader 'Universal Render Pipeline/Particles/SimpleLit' not found
Initialize mono
Mono path[0] = 'Z:/Unity/2020.3.16f1/Editor/Data/Managed'
Mono path[1] = 'Z:/Unity/2020.3.16f1/Editor/Data/MonoBleedingEdge/lib/mono/unityjit'
Mono config path = 'Z:/Unity/2020.3.16f1/Editor/Data/MonoBleedingEdge/etc'
Using monoOptions --debugger-agent=transport=dt_socket,embedding=1,server=y,suspend=n,address=127.0.0.1:56552
Begin MonoManager ReloadAssembly
Registering precompiled unity dll's ...
Register platform support module: Z:/Unity/2020.3.16f1/Editor/Data/PlaybackEngines/WindowsStandaloneSupport/UnityEditor.WindowsStandalone.Extensions.dll
Registered in 0.000904 seconds.
Native extension for WindowsStandalone target not found
Refreshing native plugins compatible for Editor in 171.06 ms, found 3 plugins.
Preloading 0 native plugins for Editor in 0.00 ms.
Mono: successfully reloaded assembly
- Completed reload, in  1.650 seconds
Domain Reload Profiling:
	ReloadAssembly (1650ms)
		BeginReloadAssembly (56ms)
			ExecutionOrderSort (0ms)
			DisableScriptedObjects (0ms)
			BackupInstance (0ms)
			ReleaseScriptingObjects (0ms)
			CreateAndSetChildDomain (1ms)
		EndReloadAssembly (658ms)
			LoadAssemblies (55ms)
			RebuildTransferFunctionScriptingTraits (0ms)
			SetupTypeCache (272ms)
			ReleaseScriptCaches (0ms)
			RebuildScriptCaches (30ms)
			SetupLoadedEditorAssemblies (291ms)
				LogAssemblyErrors (0ms)
				InitializePlatformSupportModulesInManaged (3ms)
				SetLoadedEditorAssemblies (0ms)
				RefreshPlugins (171ms)
				BeforeProcessingInitializeOnLoad (15ms)
				ProcessInitializeOnLoadAttributes (71ms)
				ProcessInitializeOnLoadMethodAttributes (31ms)
				AfterProcessingInitializeOnLoad (0ms)
				EditorAssembliesLoaded (0ms)
			ExecutionOrderSort2 (0ms)
			AwakeInstancesAfterBackupRestoration (0ms)
Platform modules already initialized, skipping
Registering precompiled user dll's ...
Registered in 0.005586 seconds.
Begin MonoManager ReloadAssembly
Symbol file LoadedFromMemory is not a mono symbol file
Error: Could not load signature of Unity.UI.Builder.BuilderTextShadow:.ctor due to: Could not resolve type with token 010000e9 (from typeref, class/assembly UnityEngine.UIElements.StyleTextShadow, UnityEngine.UIElementsModule, Version=1.0.0.0, Culture=neutral, PublicKeyToken=null) assembly:UnityEngine.UIElementsModule, Version=1.0.0.0, Culture=neutral, PublicKeyToken=null type:UnityEngine.UIElements.StyleTextShadow member:(null) signature:<none>

The scripted importer 'UIElementsViewImporter' attempted to register file type '.uxml', which is handled by a native Unity importer. Registration rejected.
UnityEngine.StackTraceUtility:ExtractStackTrace ()
UnityEditor.AssetImporters.ScriptedImporter:RegisterScriptedImporters ()

[C:\buildslave\unity\build\Modules/AssetDatabase/Editor/Public/ImporterRegistry.cpp line 245]

The scripted importer 'StyleSheetImporter' attempted to register file type '.uss', which is handled by a native Unity importer. Registration rejected.
UnityEngine.StackTraceUtility:ExtractStackTrace ()
UnityEditor.AssetImporters.ScriptedImporter:RegisterScriptedImporters ()

[C:\buildslave\unity\build\Modules/AssetDatabase/Editor/Public/ImporterRegistry.cpp line 245]

The scripted importer 'ThemeStyleSheetImporter' attempted to register file type '.tss', which is handled by a native Unity importer. Registration rejected.
UnityEngine.StackTraceUtility:ExtractStackTrace ()
UnityEditor.AssetImporters.ScriptedImporter:RegisterScriptedImporters ()

[C:\buildslave\unity\build\Modules/AssetDatabase/Editor/Public/ImporterRegistry.cpp line 245]

ArgumentException: An item with the same key has already been added. Key: UnityEditor.UIElements.EditorAtlasMonitorInjector
Parameter name: key
  at System.Collections.Generic.SortedList`2[TKey,TValue].Add (TKey key, TValue value) [0x00041] in <0463b2ef957545c0a51b42f372cd4fbb>:0 
  at UnityEditor.AssetPostprocessingInternal.GetTextureProcessorsHashString () [0x000a2] in <ef3b6bf002d8435a97b4e938f6c49b02>:0 
UnityEngine.DebugLogHandler:Internal_LogException(Exception, Object)
UnityEngine.DebugLogHandler:LogException(Exception, Object)
UnityEngine.Logger:LogException(Exception, Object)
UnityEngine.Debug:LogException(Exception)
UnityEditor.AssetPostprocessingInternal:GetTextureProcessorsHashString()

Unloading broken assembly Library/ScriptAssemblies/UnityEditor.UIBuilderModule.dll, this assembly can cause crashes in the runtime

Native extension for WindowsStandalone target not found
Refreshing native plugins compatible for Editor in 168.15 ms, found 3 plugins.
Preloading 0 native plugins for Editor in 0.00 ms.
ASSEMBLY OVERRIDES: * override found for Unity assembly UnityEngine.UIElementsModule.dll (override path Library/ScriptAssemblies/UnityEngine.UIElementsModule.dll)
ASSEMBLY OVERRIDES: * override found for Unity assembly UnityEditor.UIElementsModule.dll (override path Library/ScriptAssemblies/UnityEditor.UIElementsModule.dll)
System.Reflection.TargetInvocationException: Exception has been thrown by the target of an invocation. ---> UnityEngine.UnityException: The MakeClientFunc has already been registered. Registration denied.
  at UnityEngine.UIElements.DragAndDropUtility.RegisterMakeClientFunc (System.Func`1[TResult] makeClient) [0x00017] in <e46dd5ac4b30482e844884101ac1d3bd>:0 
  at UnityEditor.UIElements.EditorDragAndDrop.RegisterEditorClient () [0x0000a] in <31768fe99cfe4466aa4a401169fb2ce5>:0 
  at (wrapper managed-to-native) System.Reflection.MonoMethod.InternalInvoke(System.Reflection.MonoMethod,object,object[],System.Exception&)
  at System.Reflection.MonoMethod.Invoke (System.Object obj, System.Reflection.BindingFlags invokeAttr, System.Reflection.Binder binder, System.Object[] parameters, System.Globalization.CultureInfo culture) [0x00032] in <695d1cc93cca45069c528c15c9fdd749>:0 
   --- End of inner exception stack trace ---
  at System.Reflection.MonoMethod.Invoke (System.Object obj, System.Reflection.BindingFlags invokeAttr, System.Reflection.Binder binder, System.Object[] parameters, System.Globalization.CultureInfo culture) [0x00048] in <695d1cc93cca45069c528c15c9fdd749>:0 
  at System.Reflection.MethodBase.Invoke (System.Object obj, System.Object[] parameters) [0x00000] in <695d1cc93cca45069c528c15c9fdd749>:0 
  at UnityEditor.EditorAssemblies.ProcessInitializeOnLoadMethodAttributes () [0x00047] in <ef3b6bf002d8435a97b4e938f6c49b02>:0 
UnityEngine.StackTraceUtility:ExtractStackTrace ()
UnityEngine.DebugLogHandler:LogFormat (UnityEngine.LogType,UnityEngine.Object,string,object[])
UnityEngine.Logger:Log (UnityEngine.LogType,object)
UnityEngine.Debug:LogError (object)
UnityEditor.EditorAssemblies:ProcessInitializeOnLoadMethodAttributes ()

ASSEMBLY OVERRIDES: * override found for Unity assembly UnityEngine.UIElementsModule.dll (override path Library/ScriptAssemblies/UnityEngine.UIElementsModule.dll)
ASSEMBLY OVERRIDES: * override found for Unity assembly UnityEditor.UIElementsModule.dll (override path Library/ScriptAssemblies/UnityEditor.UIElementsModule.dll)
Mono: successfully reloaded assembly
- Completed reload, in  1.360 seconds
Domain Reload Profiling:
	ReloadAssembly (1361ms)
		BeginReloadAssembly (127ms)
			ExecutionOrderSort (0ms)
			DisableScriptedObjects (4ms)
			BackupInstance (0ms)
			ReleaseScriptingObjects (0ms)
			CreateAndSetChildDomain (17ms)
		EndReloadAssembly (1177ms)
			LoadAssemblies (87ms)
			RebuildTransferFunctionScriptingTraits (0ms)
			SetupTypeCache (307ms)
			ReleaseScriptCaches (1ms)
			RebuildScriptCaches (60ms)
			SetupLoadedEditorAssemblies (590ms)
				LogAssemblyErrors (0ms)
				InitializePlatformSupportModulesInManaged (3ms)
				SetLoadedEditorAssemblies (0ms)
				RefreshPlugins (168ms)
				BeforeProcessingInitializeOnLoad (105ms)
				ProcessInitializeOnLoadAttributes (295ms)
				ProcessInitializeOnLoadMethodAttributes (17ms)
				AfterProcessingInitializeOnLoad (2ms)
				EditorAssembliesLoaded (0ms)
			ExecutionOrderSort2 (0ms)
			AwakeInstancesAfterBackupRestoration (6ms)
Platform modules already initialized, skipping
========================================================================
Worker process is ready to serve import requests
Shader 'Universal Render Pipeline/Particles/Lit': fallback shader 'Universal Render Pipeline/Particles/SimpleLit' not found
Launched and connected shader compiler UnityShaderCompiler.exe after 0.10 seconds
Refreshing native plugins compatible for Editor in 1.78 ms, found 3 plugins.
Preloading 0 native plugins for Editor in 0.00 ms.
Unloading 4073 Unused Serialized files (Serialized files now loaded: 0)
System memory in use before: 190.0 MB.
System memory in use after: 190.2 MB.

Unloading 30 unused Assets to reduce memory usage. Loaded Objects now: 4527.
Total: 4.262500 ms (FindLiveObjects: 0.532800 ms CreateObjectMapping: 0.203100 ms MarkObjects: 3.432000 ms  DeleteObjects: 0.092800 ms)

AssetImportParameters requested are different than current active one (requested -> active):
  custom:framework-win-MediaFoundation: 216162199b28c13a410421893ffa2e32 -> 
  custom:video-decoder-ogg-theora: a1e56fd34408186e4bbccfd4996cb3dc -> 
  custom:container-muxer-webm: aa71ff27fc2769a1b78a27578f13a17b -> 
  custom:container-demuxer-webm: 4f35f7cbe854078d1ac9338744f61a02 -> 
  custom:container-demuxer-ogg: 62fdf1f143b41e24485cea50d1cbac27 -> 
  custom:video-encoder-webm-vp8: eb34c28f22e8b96e1ab97ce403110664 -> 
  custom:video-codec-MediaFoundation-h265: 746d11721c4dcdbdad8f713fa42b33f4 -> 
  custom:video-decoder-webm-vp8: 9c59270c3fd7afecdb556c50c9e8de78 -> 
  custom:audio-decoder-ogg-vorbis: bf7c407c2cedff20999df2af8eb42d56 -> 
  custom:audio-encoder-webm-vorbis: bf7c407c2cedff20999df2af8eb42d56 -> 
========================================================================
Received Import Request.
  path: Assets/Scripts/PlayerPos.cs
  artifactKey: Guid(e3a6f9d53f9be4c44a64bfc04d15f9f7) Importer(815301076,1909f56bfc062723c751e8b465ee728b)
Start importing Assets/Scripts/PlayerPos.cs using Guid(e3a6f9d53f9be4c44a64bfc04d15f9f7) Importer(815301076,1909f56bfc062723c751e8b465ee728b)  -> (artifact id: '7db576cfb18200227896ca07aee49d9f') in 0.039628 seconds 
  Import took 0.046614 seconds .

========================================================================
Received Import Request.
  Time since last request: 9.972487 seconds.
  path: Assets/Respawn.prefab
  artifactKey: Guid(aa859a6210b5c504aafecd68fb391f41) Importer(815301076,1909f56bfc062723c751e8b465ee728b)
Start importing Assets/Respawn.prefab using Guid(aa859a6210b5c504aafecd68fb391f41) Importer(815301076,1909f56bfc062723c751e8b465ee728b) Diagnostics callstack to track who triggered the sub-import:
0x00007ff6e69969c2 (Unity) ImporterAssetResolver::ResolveAsset
0x00007ff6e6962032 (Unity) ResolveArtifactV2
0x00007ff6e692812d (Unity) GUIDPersistentManagerV2::PathIDToPathNameInternal
0x00007ff6e51b5204 (Unity) PersistentManager::GetStreamNameSpaceInternal
0x00007ff6e51b4745 (Unity) PersistentManager::GetSerializedFileIfObjectAvailable
0x00007ff6e51b9d0e (Unity) PersistentManager::ReadAndActivateObjectThreaded
0x00007ff6e51ba429 (Unity) PersistentManager::ReadObjectThreaded
0x00007ff6e51ba1da (Unity) PersistentManager::ReadObject
0x00007ff6e3ac5996 (Unity) PPtr<Sprite>::operator Sprite * __ptr64
0x00007ff6e47e937c (Unity) SpriteRenderer::SetupProperties
0x00007ff6e47e2bbe (Unity) SpriteRenderer::AwakeFromLoad
0x00007ff6e522a63f (Unity) AwakeFromLoadQueue::InvokePersistentManagerAwake
0x00007ff6e522af92 (Unity) AwakeFromLoadQueue::PersistentManagerAwakeFromLoad
0x00007ff6e522b11a (Unity) AwakeFromLoadQueue::PersistentManagerAwakeFromLoad
0x00007ff6e51b62de (Unity) PersistentManager::IntegrateAllThreadedObjects
0x00007ff6e51b6cf7 (Unity) PersistentManager::LoadAndIntegrateAllPreallocatedObjects
0x00007ff6e51ba243 (Unity) PersistentManager::ReadObject
0x00007ff6e6893451 (Unity) WritePreviews
0x00007ff6e688d30e (Unity) PreviewImporter::GenerateAssetData
0x00007ff6e6981db9 (Unity) ImportToObjects
0x00007ff6e6980df8 (Unity) ImportAsset
0x00007ff6e68e2c68 (Unity) AssetImportWorker::Import
0x00007ff6e693679a (Unity) <lambda_dc1c196658351a6563374f191278d712>::operator()
0x00007ff6e69da222 (Unity) asio::detail::completion_handler<core::mutable_function<void __cdecl(void)> >::do_complete
0x00007ff6e69dc380 (Unity) asio::detail::win_iocp_io_service::do_one
0x00007ff6e69dfb0e (Unity) asio::io_service::run
0x00007ff6e6962d4b (Unity) RunAssetImportWorkerClientV2
0x00007ff6e6962da0 (Unity) RunAssetImporterV2
0x00007ff6e5e2b1c6 (Unity) Application::InitializeProject
0x00007ff6e67d24f2 (Unity) WinMain
0x00007ff6e86234b6 (Unity) __scrt_common_main_seh
0x00007fff9a667034 (KERNEL32) BaseThreadInitThunk
0x00007fff9bc22651 (ntdll) RtlUserThreadStart

Requesting import of Guid(80b56071c13d4854cb913a323961d9a6) Importer(-1,00000000000000000000000000000000), Assets/Distant Forest Assets/Green Forest/ForestPack2.png from editor
Resuming Guid(80b56071c13d4854cb913a323961d9a6) Importer(-1,00000000000000000000000000000000) -> a8b40e5979b8570954ad0e696ca2a3c5 
Assertion failed on expression: 'state.state == kUpToDate'

Assertion failed on expression: 'state.artifactID == result'

 -> (artifact id: '9ed03255d3709639a61e36f60fbef25b') in 1.825099 seconds 
  Import took 1.832205 seconds .

========================================================================
Received Import Request.
  Time since last request: 0.250045 seconds.
  path: Assets/Scripts/Respawn.cs
  artifactKey: Guid(78e0e2aee631e4845b5bea75f7a904d8) Importer(815301076,1909f56bfc062723c751e8b465ee728b)
Start importing Assets/Scripts/Respawn.cs using Guid(78e0e2aee631e4845b5bea75f7a904d8) Importer(815301076,1909f56bfc062723c751e8b465ee728b)  -> (artifact id: 'c5c58e2eca8e27beb438d1acf5859d95') in 0.002770 seconds 
  Import took 0.009662 seconds .

========================================================================
Received Prepare
Registering precompiled user dll's ...
Registered in 0.008047 seconds.
ASSEMBLY OVERRIDES: * override found for Unity assembly UnityEngine.UIElementsModule.dll (override path Library/ScriptAssemblies/UnityEngine.UIElementsModule.dll)
ASSEMBLY OVERRIDES: * override found for Unity assembly UnityEditor.UIElementsModule.dll (override path Library/ScriptAssemblies/UnityEditor.UIElementsModule.dll)
Begin MonoManager ReloadAssembly
Symbol file LoadedFromMemory is not a mono symbol file
Error: Could not load signature of Unity.UI.Builder.BuilderTextShadow:.ctor due to: Could not resolve type with token 010000e9 (from typeref, class/assembly UnityEngine.UIElements.StyleTextShadow, UnityEngine.UIElementsModule, Version=1.0.0.0, Culture=neutral, PublicKeyToken=null) assembly:UnityEngine.UIElementsModule, Version=1.0.0.0, Culture=neutral, PublicKeyToken=null type:UnityEngine.UIElements.StyleTextShadow member:(null) signature:<none>

The scripted importer 'UIElementsViewImporter' attempted to register file type '.uxml', which is handled by a native Unity importer. Registration rejected.
UnityEngine.StackTraceUtility:ExtractStackTrace ()
UnityEditor.AssetImporters.ScriptedImporter:RegisterScriptedImporters ()

[C:\buildslave\unity\build\Modules/AssetDatabase/Editor/Public/ImporterRegistry.cpp line 245]

The scripted importer 'StyleSheetImporter' attempted to register file type '.uss', which is handled by a native Unity importer. Registration rejected.
UnityEngine.StackTraceUtility:ExtractStackTrace ()
UnityEditor.AssetImporters.ScriptedImporter:RegisterScriptedImporters ()

[C:\buildslave\unity\build\Modules/AssetDatabase/Editor/Public/ImporterRegistry.cpp line 245]

The scripted importer 'ThemeStyleSheetImporter' attempted to register file type '.tss', which is handled by a native Unity importer. Registration rejected.
UnityEngine.StackTraceUtility:ExtractStackTrace ()
UnityEditor.AssetImporters.ScriptedImporter:RegisterScriptedImporters ()

[C:\buildslave\unity\build\Modules/AssetDatabase/Editor/Public/ImporterRegistry.cpp line 245]

Unloading broken assembly Library/ScriptAssemblies/UnityEditor.UIBuilderModule.dll, this assembly can cause crashes in the runtime

Native extension for WindowsStandalone target not found
Refreshing native plugins compatible for Editor in 1.84 ms, found 3 plugins.
Preloading 0 native plugins for Editor in 0.00 ms.
ASSEMBLY OVERRIDES: * override found for Unity assembly UnityEngine.UIElementsModule.dll (override path Library/ScriptAssemblies/UnityEngine.UIElementsModule.dll)
ASSEMBLY OVERRIDES: * override found for Unity assembly UnityEditor.UIElementsModule.dll (override path Library/ScriptAssemblies/UnityEditor.UIElementsModule.dll)
System.Reflection.TargetInvocationException: Exception has been thrown by the target of an invocation. ---> UnityEngine.UnityException: The MakeClientFunc has already been registered. Registration denied.
  at UnityEngine.UIElements.DragAndDropUtility.RegisterMakeClientFunc (System.Func`1[TResult] makeClient) [0x00017] in <e46dd5ac4b30482e844884101ac1d3bd>:0 
  at UnityEditor.UIElements.EditorDragAndDrop.RegisterEditorClient () [0x0000a] in <31768fe99cfe4466aa4a401169fb2ce5>:0 
  at (wrapper managed-to-native) System.Reflection.MonoMethod.InternalInvoke(System.Reflection.MonoMethod,object,object[],System.Exception&)
  at System.Reflection.MonoMethod.Invoke (System.Object obj, System.Reflection.BindingFlags invokeAttr, System.Reflection.Binder binder, System.Object[] parameters, System.Globalization.CultureInfo culture) [0x00032] in <695d1cc93cca45069c528c15c9fdd749>:0 
   --- End of inner exception stack trace ---
  at System.Reflection.MonoMethod.Invoke (System.Object obj, System.Reflection.BindingFlags invokeAttr, System.Reflection.Binder binder, System.Object[] parameters, System.Globalization.CultureInfo culture) [0x00048] in <695d1cc93cca45069c528c15c9fdd749>:0 
  at System.Reflection.MethodBase.Invoke (System.Object obj, System.Object[] parameters) [0x00000] in <695d1cc93cca45069c528c15c9fdd749>:0 
  at UnityEditor.EditorAssemblies.ProcessInitializeOnLoadMethodAttributes () [0x00047] in <ef3b6bf002d8435a97b4e938f6c49b02>:0 
UnityEngine.StackTraceUtility:ExtractStackTrace ()
UnityEngine.DebugLogHandler:LogFormat (UnityEngine.LogType,UnityEngine.Object,string,object[])
UnityEngine.Logger:Log (UnityEngine.LogType,object)
UnityEngine.Debug:LogError (object)
UnityEditor.EditorAssemblies:ProcessInitializeOnLoadMethodAttributes ()

ASSEMBLY OVERRIDES: * override found for Unity assembly UnityEngine.UIElementsModule.dll (override path Library/ScriptAssemblies/UnityEngine.UIElementsModule.dll)
ASSEMBLY OVERRIDES: * override found for Unity assembly UnityEditor.UIElementsModule.dll (override path Library/ScriptAssemblies/UnityEditor.UIElementsModule.dll)
Mono: successfully reloaded assembly
ArgumentException: An item with the same key has already been added. Key: UnityEditor.UIElements.EditorAtlasMonitorInjector
Parameter name: key
  at System.Collections.Generic.SortedList`2[TKey,TValue].Add (TKey key, TValue value) [0x00041] in <0463b2ef957545c0a51b42f372cd4fbb>:0 
  at UnityEditor.AssetPostprocessingInternal.GetTextureProcessorsHashString () [0x000a2] in <ef3b6bf002d8435a97b4e938f6c49b02>:0 
UnityEngine.DebugLogHandler:Internal_LogException(Exception, Object)
UnityEngine.DebugLogHandler:LogException(Exception, Object)
UnityEngine.Logger:LogException(Exception, Object)
UnityEngine.Debug:LogException(Exception)
UnityEditor.AssetPostprocessingInternal:GetTextureProcessorsHashString()

- Completed reload, in  1.203 seconds
Domain Reload Profiling:
	ReloadAssembly (1203ms)
		BeginReloadAssembly (141ms)
			ExecutionOrderSort (0ms)
			DisableScriptedObjects (9ms)
			BackupInstance (0ms)
			ReleaseScriptingObjects (0ms)
			CreateAndSetChildDomain (43ms)
		EndReloadAssembly (1005ms)
			LoadAssemblies (89ms)
			RebuildTransferFunctionScriptingTraits (0ms)
			SetupTypeCache (310ms)
			ReleaseScriptCaches (1ms)
			RebuildScriptCaches (48ms)
			SetupLoadedEditorAssemblies (394ms)
				LogAssemblyErrors (0ms)
				InitializePlatformSupportModulesInManaged (4ms)
				SetLoadedEditorAssemblies (0ms)
				RefreshPlugins (2ms)
				BeforeProcessingInitializeOnLoad (96ms)
				ProcessInitializeOnLoadAttributes (277ms)
				ProcessInitializeOnLoadMethodAttributes (13ms)
				AfterProcessingInitializeOnLoad (2ms)
				EditorAssembliesLoaded (0ms)
			ExecutionOrderSort2 (0ms)
			AwakeInstancesAfterBackupRestoration (21ms)
Platform modules already initialized, skipping
Shader 'Universal Render Pipeline/Particles/Lit': fallback shader 'Universal Render Pipeline/Particles/SimpleLit' not found
Refreshing native plugins compatible for Editor in 1.83 ms, found 3 plugins.
Preloading 0 native plugins for Editor in 0.00 ms.
Unloading 3932 Unused Serialized files (Serialized files now loaded: 0)
System memory in use before: 185.0 MB.
System memory in use after: 185.2 MB.

Unloading 20 unused Assets to reduce memory usage. Loaded Objects now: 4575.
Total: 4.411800 ms (FindLiveObjects: 0.373100 ms CreateObjectMapping: 0.100100 ms MarkObjects: 3.848900 ms  DeleteObjects: 0.088100 ms)

AssetImportParameters requested are different than current active one (requested -> active):
  custom:framework-win-MediaFoundation: 216162199b28c13a410421893ffa2e32 -> 
  custom:video-decoder-ogg-theora: a1e56fd34408186e4bbccfd4996cb3dc -> 
  custom:container-muxer-webm: aa71ff27fc2769a1b78a27578f13a17b -> 
  custom:container-demuxer-webm: 4f35f7cbe854078d1ac9338744f61a02 -> 
  custom:container-demuxer-ogg: 62fdf1f143b41e24485cea50d1cbac27 -> 
  custom:video-encoder-webm-vp8: eb34c28f22e8b96e1ab97ce403110664 -> 
  custom:video-codec-MediaFoundation-h265: 746d11721c4dcdbdad8f713fa42b33f4 -> 
  custom:video-decoder-webm-vp8: 9c59270c3fd7afecdb556c50c9e8de78 -> 
  custom:audio-decoder-ogg-vorbis: bf7c407c2cedff20999df2af8eb42d56 -> 
  custom:audio-encoder-webm-vorbis: bf7c407c2cedff20999df2af8eb42d56 -> 
========================================================================
Received Import Request.
  Time since last request: 301.946591 seconds.
  path: Assets/Scenes/JordanClassDemo.unity
  artifactKey: Guid(2669bd9528cc20b4cb02d45466572de6) Importer(815301076,1909f56bfc062723c751e8b465ee728b)
Start importing Assets/Scenes/JordanClassDemo.unity using Guid(2669bd9528cc20b4cb02d45466572de6) Importer(815301076,1909f56bfc062723c751e8b465ee728b)  -> (artifact id: 'a52714f9fa9ab2117de6b07fab7e4207') in 0.023934 seconds 
  Import took 0.031105 seconds .

========================================================================
Received Import Request.
  Time since last request: 0.094444 seconds.
  path: Assets/Scenes/JordanClassDemo.unity
  artifactKey: Guid(2669bd9528cc20b4cb02d45466572de6) Importer(815301076,1909f56bfc062723c751e8b465ee728b)
Start importing Assets/Scenes/JordanClassDemo.unity using Guid(2669bd9528cc20b4cb02d45466572de6) Importer(815301076,1909f56bfc062723c751e8b465ee728b)  -> (artifact id: 'a52714f9fa9ab2117de6b07fab7e4207') in 0.003893 seconds 
  Import took 0.010093 seconds .

========================================================================
Received Prepare
Registering precompiled user dll's ...
Registered in 0.005738 seconds.
ASSEMBLY OVERRIDES: * override found for Unity assembly UnityEngine.UIElementsModule.dll (override path Library/ScriptAssemblies/UnityEngine.UIElementsModule.dll)
ASSEMBLY OVERRIDES: * override found for Unity assembly UnityEditor.UIElementsModule.dll (override path Library/ScriptAssemblies/UnityEditor.UIElementsModule.dll)
Begin MonoManager ReloadAssembly
Symbol file LoadedFromMemory is not a mono symbol file
Error: Could not load signature of Unity.UI.Builder.BuilderTextShadow:.ctor due to: Could not resolve type with token 010000e9 (from typeref, class/assembly UnityEngine.UIElements.StyleTextShadow, UnityEngine.UIElementsModule, Version=1.0.0.0, Culture=neutral, PublicKeyToken=null) assembly:UnityEngine.UIElementsModule, Version=1.0.0.0, Culture=neutral, PublicKeyToken=null type:UnityEngine.UIElements.StyleTextShadow member:(null) signature:<none>

The scripted importer 'UIElementsViewImporter' attempted to register file type '.uxml', which is handled by a native Unity importer. Registration rejected.
UnityEngine.StackTraceUtility:ExtractStackTrace ()
UnityEditor.AssetImporters.ScriptedImporter:RegisterScriptedImporters ()

[C:\buildslave\unity\build\Modules/AssetDatabase/Editor/Public/ImporterRegistry.cpp line 245]

The scripted importer 'StyleSheetImporter' attempted to register file type '.uss', which is handled by a native Unity importer. Registration rejected.
UnityEngine.StackTraceUtility:ExtractStackTrace ()
UnityEditor.AssetImporters.ScriptedImporter:RegisterScriptedImporters ()

[C:\buildslave\unity\build\Modules/AssetDatabase/Editor/Public/ImporterRegistry.cpp line 245]

The scripted importer 'ThemeStyleSheetImporter' attempted to register file type '.tss', which is handled by a native Unity importer. Registration rejected.
UnityEngine.StackTraceUtility:ExtractStackTrace ()
UnityEditor.AssetImporters.ScriptedImporter:RegisterScriptedImporters ()

[C:\buildslave\unity\build\Modules/AssetDatabase/Editor/Public/ImporterRegistry.cpp line 245]

Unloading broken assembly Library/ScriptAssemblies/UnityEditor.UIBuilderModule.dll, this assembly can cause crashes in the runtime

Native extension for WindowsStandalone target not found
Refreshing native plugins compatible for Editor in 1.85 ms, found 3 plugins.
Preloading 0 native plugins for Editor in 0.00 ms.
ASSEMBLY OVERRIDES: * override found for Unity assembly UnityEngine.UIElementsModule.dll (override path Library/ScriptAssemblies/UnityEngine.UIElementsModule.dll)
ASSEMBLY OVERRIDES: * override found for Unity assembly UnityEditor.UIElementsModule.dll (override path Library/ScriptAssemblies/UnityEditor.UIElementsModule.dll)
System.Reflection.TargetInvocationException: Exception has been thrown by the target of an invocation. ---> UnityEngine.UnityException: The MakeClientFunc has already been registered. Registration denied.
  at UnityEngine.UIElements.DragAndDropUtility.RegisterMakeClientFunc (System.Func`1[TResult] makeClient) [0x00017] in <e46dd5ac4b30482e844884101ac1d3bd>:0 
  at UnityEditor.UIElements.EditorDragAndDrop.RegisterEditorClient () [0x0000a] in <31768fe99cfe4466aa4a401169fb2ce5>:0 
  at (wrapper managed-to-native) System.Reflection.MonoMethod.InternalInvoke(System.Reflection.MonoMethod,object,object[],System.Exception&)
  at System.Reflection.MonoMethod.Invoke (System.Object obj, System.Reflection.BindingFlags invokeAttr, System.Reflection.Binder binder, System.Object[] parameters, System.Globalization.CultureInfo culture) [0x00032] in <695d1cc93cca45069c528c15c9fdd749>:0 
   --- End of inner exception stack trace ---
  at System.Reflection.MonoMethod.Invoke (System.Object obj, System.Reflection.BindingFlags invokeAttr, System.Reflection.Binder binder, System.Object[] parameters, System.Globalization.CultureInfo culture) [0x00048] in <695d1cc93cca45069c528c15c9fdd749>:0 
  at System.Reflection.MethodBase.Invoke (System.Object obj, System.Object[] parameters) [0x00000] in <695d1cc93cca45069c528c15c9fdd749>:0 
  at UnityEditor.EditorAssemblies.ProcessInitializeOnLoadMethodAttributes () [0x00047] in <ef3b6bf002d8435a97b4e938f6c49b02>:0 
UnityEngine.StackTraceUtility:ExtractStackTrace ()
UnityEngine.DebugLogHandler:LogFormat (UnityEngine.LogType,UnityEngine.Object,string,object[])
UnityEngine.Logger:Log (UnityEngine.LogType,object)
UnityEngine.Debug:LogError (object)
UnityEditor.EditorAssemblies:ProcessInitializeOnLoadMethodAttributes ()

ASSEMBLY OVERRIDES: * override found for Unity assembly UnityEngine.UIElementsModule.dll (override path Library/ScriptAssemblies/UnityEngine.UIElementsModule.dll)
ASSEMBLY OVERRIDES: * override found for Unity assembly UnityEditor.UIElementsModule.dll (override path Library/ScriptAssemblies/UnityEditor.UIElementsModule.dll)
Mono: successfully reloaded assembly
ArgumentException: An item with the same key has already been added. Key: UnityEditor.UIElements.EditorAtlasMonitorInjector
Parameter name: key
  at System.Collections.Generic.SortedList`2[TKey,TValue].Add (TKey key, TValue value) [0x00041] in <0463b2ef957545c0a51b42f372cd4fbb>:0 
  at UnityEditor.AssetPostprocessingInternal.GetTextureProcessorsHashString () [0x000a2] in <ef3b6bf002d8435a97b4e938f6c49b02>:0 
UnityEngine.DebugLogHandler:Internal_LogException(Exception, Object)
UnityEngine.DebugLogHandler:LogException(Exception, Object)
UnityEngine.Logger:LogException(Exception, Object)
UnityEngine.Debug:LogException(Exception)
UnityEditor.AssetPostprocessingInternal:GetTextureProcessorsHashString()

- Completed reload, in  1.178 seconds
Domain Reload Profiling:
	ReloadAssembly (1179ms)
		BeginReloadAssembly (110ms)
			ExecutionOrderSort (0ms)
			DisableScriptedObjects (5ms)
			BackupInstance (0ms)
			ReleaseScriptingObjects (0ms)
			CreateAndSetChildDomain (37ms)
		EndReloadAssembly (1014ms)
			LoadAssemblies (89ms)
			RebuildTransferFunctionScriptingTraits (0ms)
			SetupTypeCache (325ms)
			ReleaseScriptCaches (2ms)
			RebuildScriptCaches (50ms)
			SetupLoadedEditorAssemblies (389ms)
				LogAssemblyErrors (0ms)
				InitializePlatformSupportModulesInManaged (3ms)
				SetLoadedEditorAssemblies (0ms)
				RefreshPlugins (2ms)
				BeforeProcessingInitializeOnLoad (96ms)
				ProcessInitializeOnLoadAttributes (271ms)
				ProcessInitializeOnLoadMethodAttributes (14ms)
				AfterProcessingInitializeOnLoad (3ms)
				EditorAssembliesLoaded (0ms)
			ExecutionOrderSort2 (0ms)
			AwakeInstancesAfterBackupRestoration (22ms)
Platform modules already initialized, skipping
Shader 'Universal Render Pipeline/Particles/Lit': fallback shader 'Universal Render Pipeline/Particles/SimpleLit' not found
Refreshing native plugins compatible for Editor in 2.01 ms, found 3 plugins.
Preloading 0 native plugins for Editor in 0.00 ms.
Unloading 3932 Unused Serialized files (Serialized files now loaded: 0)
System memory in use before: 185.1 MB.
System memory in use after: 185.3 MB.

Unloading 19 unused Assets to reduce memory usage. Loaded Objects now: 4578.
Total: 3.999500 ms (FindLiveObjects: 0.386700 ms CreateObjectMapping: 0.102300 ms MarkObjects: 3.429500 ms  DeleteObjects: 0.079900 ms)

AssetImportParameters requested are different than current active one (requested -> active):
  custom:framework-win-MediaFoundation: 216162199b28c13a410421893ffa2e32 -> 
  custom:video-decoder-ogg-theora: a1e56fd34408186e4bbccfd4996cb3dc -> 
  custom:container-muxer-webm: aa71ff27fc2769a1b78a27578f13a17b -> 
  custom:container-demuxer-webm: 4f35f7cbe854078d1ac9338744f61a02 -> 
  custom:container-demuxer-ogg: 62fdf1f143b41e24485cea50d1cbac27 -> 
  custom:video-encoder-webm-vp8: eb34c28f22e8b96e1ab97ce403110664 -> 
  custom:video-codec-MediaFoundation-h265: 746d11721c4dcdbdad8f713fa42b33f4 -> 
  custom:video-decoder-webm-vp8: 9c59270c3fd7afecdb556c50c9e8de78 -> 
  custom:audio-decoder-ogg-vorbis: bf7c407c2cedff20999df2af8eb42d56 -> 
  custom:audio-encoder-webm-vorbis: bf7c407c2cedff20999df2af8eb42d56 -> 
AssetImportWorkerClient::OnTransportError - code=2 error=End of file
